<?xml version="1.0" encoding="UTF-8"?>
<!-- Generated by org.testng.reporters.JUnitReportReporter -->
<testsuite hostname="DESKTOP-RV25FN4" failures="0" tests="2" name="com.automation.UserTest" time="0.003" errors="0" timestamp="12 дек. 2019 17:04:06 GMT" skipped="0">
  <testcase classname="com.automation.UserTest" name="userNameTest" time="0.001"/>
  <testcase classname="com.automation.UserTest" name="userAgeTest" time="0.002"/>
</testsuite> <!-- com.automation.UserTest -->
